# JRE version: OpenJDK Runtime Environment (8.0_242-b01) (build 1.8.0_242-release-1644-b01)
# Java VM: OpenJDK 64-Bit Server VM (25.242-b01 mixed mode windows-amd64 compressed oops)
Heap:
 PSYoungGen      total 67584K, used 41067K [0x00000000e0000000, 0x00000000e4c80000, 0x0000000100000000)
  eden space 60928K, 57% used [0x00000000e0000000,0x00000000e222c328,0x00000000e3b80000)
  from space 6656K, 91% used [0x00000000e4600000,0x00000000e4beeb70,0x00000000e4c80000)
  to   space 8704K, 0% used [0x00000000e3b80000,0x00000000e3b80000,0x00000000e4400000)
 ParOldGen       total 84992K, used 34558K [0x00000000a0000000, 0x00000000a5300000, 0x00000000e0000000)
  object space 84992K, 40% used [0x00000000a0000000,0x00000000a21bfa70,0x00000000a5300000)
 Metaspace       used 64034K, capacity 66092K, committed 66324K, reserved 1105920K
  class space    used 8703K, capacity 9258K, committed 9276K, reserved 1048576K
GC Heap History (10 events):
Event: 123.166 GC heap before
{Heap before GC invocations=33 (full 2):
 PSYoungGen      total 55808K, used 52191K [0x00000000e0000000, 0x00000000e3f80000, 0x0000000100000000)
  eden space 47616K, 100% used [0x00000000e0000000,0x00000000e2e80000,0x00000000e2e80000)
  from space 8192K, 55% used [0x00000000e3780000,0x00000000e3bf7fd0,0x00000000e3f80000)
  to   space 8704K, 0% used [0x00000000e2e80000,0x00000000e2e80000,0x00000000e3700000)
 ParOldGen       total 51712K, used 32767K [0x00000000a0000000, 0x00000000a3280000, 0x00000000e0000000)
  object space 51712K, 63% used [0x00000000a0000000,0x00000000a1fffc08,0x00000000a3280000)
 Metaspace       used 55779K, capacity 57506K, committed 57688K, reserved 1099776K
  class space    used 7554K, capacity 8049K, committed 8064K, reserved 1048576K
Event: 123.184 GC heap after
Heap after GC invocations=33 (full 2):
 PSYoungGen      total 56320K, used 4889K [0x00000000e0000000, 0x00000000e4700000, 0x0000000100000000)
  eden space 47616K, 0% used [0x00000000e0000000,0x00000000e0000000,0x00000000e2e80000)
  from space 8704K, 56% used [0x00000000e2e80000,0x00000000e3346560,0x00000000e3700000)
  to   space 8704K, 0% used [0x00000000e3e80000,0x00000000e3e80000,0x00000000e4700000)
 ParOldGen       total 51712K, used 34327K [0x00000000a0000000, 0x00000000a3280000, 0x00000000e0000000)
  object space 51712K, 66% used [0x00000000a0000000,0x00000000a2185c18,0x00000000a3280000)
 Metaspace       used 55779K, capacity 57506K, committed 57688K, reserved 1099776K
  class space    used 7554K, capacity 8049K, committed 8064K, reserved 1048576K
}
Event: 126.558 GC heap before
{Heap before GC invocations=34 (full 2):
 PSYoungGen      total 56320K, used 52505K [0x00000000e0000000, 0x00000000e4700000, 0x0000000100000000)
  eden space 47616K, 100% used [0x00000000e0000000,0x00000000e2e80000,0x00000000e2e80000)
  from space 8704K, 56% used [0x00000000e2e80000,0x00000000e3346560,0x00000000e3700000)
  to   space 8704K, 0% used [0x00000000e3e80000,0x00000000e3e80000,0x00000000e4700000)
 ParOldGen       total 51712K, used 34327K [0x00000000a0000000, 0x00000000a3280000, 0x00000000e0000000)
  object space 51712K, 66% used [0x00000000a0000000,0x00000000a2185c18,0x00000000a3280000)
 Metaspace       used 57193K, capacity 58944K, committed 59028K, reserved 1099776K
  class space    used 7800K, capacity 8330K, committed 8380K, reserved 1048576K
Event: 126.579 GC heap after
Heap after GC invocations=34 (full 2):
 PSYoungGen      total 61952K, used 4079K [0x00000000e0000000, 0x00000000e4580000, 0x0000000100000000)
  eden space 54784K, 0% used [0x00000000e0000000,0x00000000e0000000,0x00000000e3580000)
  from space 7168K, 56% used [0x00000000e3e80000,0x00000000e427bef8,0x00000000e4580000)
  to   space 8192K, 0% used [0x00000000e3580000,0x00000000e3580000,0x00000000e3d80000)
 ParOldGen       total 51712K, used 37774K [0x00000000a0000000, 0x00000000a3280000, 0x00000000e0000000)
  object space 51712K, 73% used [0x00000000a0000000,0x00000000a24e38c0,0x00000000a3280000)
 Metaspace       used 57193K, capacity 58944K, committed 59028K, reserved 1099776K
  class space    used 7800K, capacity 8330K, committed 8380K, reserved 1048576K
}
Event: 127.186 GC heap before
{Heap before GC invocations=35 (full 2):
 PSYoungGen      total 61952K, used 5170K [0x00000000e0000000, 0x00000000e4580000, 0x0000000100000000)
  eden space 54784K, 1% used [0x00000000e0000000,0x00000000e0110918,0x00000000e3580000)
  from space 7168K, 56% used [0x00000000e3e80000,0x00000000e427bef8,0x00000000e4580000)
  to   space 8192K, 0% used [0x00000000e3580000,0x00000000e3580000,0x00000000e3d80000)
 ParOldGen       total 51712K, used 37774K [0x00000000a0000000, 0x00000000a3280000, 0x00000000e0000000)
  object space 51712K, 73% used [0x00000000a0000000,0x00000000a24e38c0,0x00000000a3280000)
 Metaspace       used 57252K, capacity 58944K, committed 59028K, reserved 1099776K
  class space    used 7805K, capacity 8330K, committed 8380K, reserved 1048576K
Event: 127.195 GC heap after
Heap after GC invocations=35 (full 2):
 PSYoungGen      total 62976K, used 160K [0x00000000e0000000, 0x00000000e4e80000, 0x0000000100000000)
  eden space 54784K, 0% used [0x00000000e0000000,0x00000000e0000000,0x00000000e3580000)
  from space 8192K, 1% used [0x00000000e3580000,0x00000000e35a8000,0x00000000e3d80000)
  to   space 8704K, 0% used [0x00000000e4600000,0x00000000e4600000,0x00000000e4e80000)
 ParOldGen       total 51712K, used 40853K [0x00000000a0000000, 0x00000000a3280000, 0x00000000e0000000)
  object space 51712K, 79% used [0x00000000a0000000,0x00000000a27e5600,0x00000000a3280000)
 Metaspace       used 57252K, capacity 58944K, committed 59028K, reserved 1099776K
  class space    used 7805K, capacity 8330K, committed 8380K, reserved 1048576K
}
Event: 127.195 GC heap before
{Heap before GC invocations=36 (full 3):
 PSYoungGen      total 62976K, used 160K [0x00000000e0000000, 0x00000000e4e80000, 0x0000000100000000)
  eden space 54784K, 0% used [0x00000000e0000000,0x00000000e0000000,0x00000000e3580000)
  from space 8192K, 1% used [0x00000000e3580000,0x00000000e35a8000,0x00000000e3d80000)
  to   space 8704K, 0% used [0x00000000e4600000,0x00000000e4600000,0x00000000e4e80000)
 ParOldGen       total 51712K, used 40853K [0x00000000a0000000, 0x00000000a3280000, 0x00000000e0000000)
  object space 51712K, 79% used [0x00000000a0000000,0x00000000a27e5600,0x00000000a3280000)
 Metaspace       used 57252K, capacity 58944K, committed 59028K, reserved 1099776K
  class space    used 7805K, capacity 8330K, committed 8380K, reserved 1048576K
Event: 127.878 GC heap after
Heap after GC invocations=36 (full 3):
 PSYoungGen      total 62976K, used 0K [0x00000000e0000000, 0x00000000e4e80000, 0x0000000100000000)
  eden space 54784K, 0% used [0x00000000e0000000,0x00000000e0000000,0x00000000e3580000)
  from space 8192K, 0% used [0x00000000e3580000,0x00000000e3580000,0x00000000e3d80000)
  to   space 8704K, 0% used [0x00000000e4600000,0x00000000e4600000,0x00000000e4e80000)
 ParOldGen       total 84992K, used 34550K [0x00000000a0000000, 0x00000000a5300000, 0x00000000e0000000)
  object space 84992K, 40% used [0x00000000a0000000,0x00000000a21bda70,0x00000000a5300000)
 Metaspace       used 57252K, capacity 58944K, committed 59028K, reserved 1099776K
  class space    used 7805K, capacity 8330K, committed 8380K, reserved 1048576K
}
Event: 136.144 GC heap before
{Heap before GC invocations=37 (full 3):
 PSYoungGen      total 62976K, used 54784K [0x00000000e0000000, 0x00000000e4e80000, 0x0000000100000000)
  eden space 54784K, 100% used [0x00000000e0000000,0x00000000e3580000,0x00000000e3580000)
  from space 8192K, 0% used [0x00000000e3580000,0x00000000e3580000,0x00000000e3d80000)
  to   space 8704K, 0% used [0x00000000e4600000,0x00000000e4600000,0x00000000e4e80000)
 ParOldGen       total 84992K, used 34550K [0x00000000a0000000, 0x00000000a5300000, 0x00000000e0000000)
  object space 84992K, 40% used [0x00000000a0000000,0x00000000a21bda70,0x00000000a5300000)
 Metaspace       used 60804K, capacity 62708K, committed 62868K, reserved 1103872K
  class space    used 8349K, capacity 8888K, committed 8892K, reserved 1048576K
Event: 136.168 GC heap after
Heap after GC invocations=37 (full 3):
 PSYoungGen      total 67584K, used 6074K [0x00000000e0000000, 0x00000000e4c80000, 0x0000000100000000)
  eden space 60928K, 0% used [0x00000000e0000000,0x00000000e0000000,0x00000000e3b80000)
  from space 6656K, 91% used [0x00000000e4600000,0x00000000e4beeb70,0x00000000e4c80000)
  to   space 8704K, 0% used [0x00000000e3b80000,0x00000000e3b80000,0x00000000e4400000)
 ParOldGen       total 84992K, used 34558K [0x00000000a0000000, 0x00000000a5300000, 0x00000000e0000000)
  object space 84992K, 40% used [0x00000000a0000000,0x00000000a21bfa70,0x00000000a5300000)
 Metaspace       used 60804K, capacity 62708K, committed 62868K, reserved 1103872K
  class space    used 8349K, capacity 8888K, committed 8892K, reserved 1048576K
}

